2024-05-30 19:16:09,032 - data_formatters - INFO - LocationLookupDataSource: Union dataframes...
2024-05-30 19:16:09,062 - data_formatters - INFO - LocationLookupDataSource: Union complete.
2024-05-30 19:16:09,063 - data_formatters - INFO - LocationLookupDataSource: De-duplicating data...
2024-05-30 19:16:10,558 - data_formatters - INFO - Size before de-duplication: 127
2024-05-30 19:16:11,214 - data_formatters - INFO - Size after de-duplication: 73
2024-05-30 19:16:11,214 - data_formatters - INFO - LocationLookupDataSource: De-duplication complete.
2024-05-30 19:16:11,214 - data_formatters - INFO - LocationLookupDataSource: Fixing string encoding...
2024-05-30 19:16:11,621 - data_formatters - INFO - LocationLookupDataSource: String encoding fixed.
2024-05-30 19:16:11,622 - data_formatters - INFO - LocationLookupDataSource: Upserting data to MongoDB...
2024-05-30 19:16:14,366 - data_formatters - INFO - LocationLookupDataSource: Upsert complete.
2024-05-30 19:16:14,366 - data_formatters - INFO - AirQualityLookupDataSource: Lowercasing columns...
2024-05-30 19:16:14,696 - data_formatters - INFO - AirQualityLookupDataSource: Columns lowercased.
2024-05-30 19:16:14,697 - data_formatters - INFO - AirQualityLookupDataSource: Performing custom formatting...
2024-05-30 19:16:14,720 - data_formatters - INFO - AirQualityLookupDataSource: Custom formatting complete.
2024-05-30 19:16:14,721 - data_formatters - INFO - AirQualityLookupDataSource: Handling 2018 data separately...
2024-05-30 19:16:14,885 - data_formatters - INFO - Size before de-duplication: 7
2024-05-30 19:16:15,177 - data_formatters - INFO - Size after de-duplication: 7
2024-05-30 19:16:15,923 - data_formatters - INFO - AirQualityLookupDataSource: 2018 data handled.
2024-05-30 19:16:15,923 - data_formatters - INFO - AirQualityLookupDataSource: Union dataframes...
2024-05-30 19:16:15,942 - data_formatters - INFO - AirQualityLookupDataSource: Union complete.
2024-05-30 19:16:15,942 - data_formatters - INFO - AirQualityLookupDataSource: De-duplicating data...
2024-05-30 19:16:16,153 - data_formatters - INFO - Size before de-duplication: 187
2024-05-30 19:16:16,617 - data_formatters - INFO - Size after de-duplication: 30
2024-05-30 19:16:16,617 - data_formatters - INFO - AirQualityLookupDataSource: De-duplication complete.
2024-05-30 19:16:16,617 - data_formatters - INFO - AirQualityLookupDataSource: Fixing string encoding...
2024-05-30 19:16:16,684 - data_formatters - INFO - AirQualityLookupDataSource: String encoding fixed.
2024-05-30 19:16:16,684 - data_formatters - INFO - AirQualityLookupDataSource: Upserting data to MongoDB...
2024-05-30 19:16:17,424 - data_formatters - INFO - AirQualityLookupDataSource: Upsert complete.
2024-05-30 19:16:17,424 - data_formatters - INFO - IncomeDataSource: Lowercasing columns...
2024-05-30 19:16:17,622 - data_formatters - INFO - IncomeDataSource: Columns lowercased.
2024-05-30 19:16:17,622 - data_formatters - INFO - IncomeDataSource: Performing custom formatting...
2024-05-30 19:16:17,740 - data_formatters - INFO - IncomeDataSource: Custom formatting complete.
2024-05-30 19:16:17,741 - data_formatters - INFO - IncomeDataSource: Union dataframes...
2024-05-30 19:16:17,770 - data_formatters - INFO - IncomeDataSource: Union complete.
2024-05-30 19:16:17,770 - data_formatters - INFO - IncomeDataSource: De-duplicating data...
2024-05-30 19:16:18,386 - data_formatters - INFO - Size before de-duplication: 803
2024-05-30 19:16:19,143 - data_formatters - INFO - Size after de-duplication: 803
2024-05-30 19:16:19,143 - data_formatters - INFO - IncomeDataSource: De-duplication complete.
2024-05-30 19:16:19,143 - data_formatters - INFO - IncomeDataSource: Fixing string encoding...
2024-05-30 19:16:19,208 - data_formatters - INFO - IncomeDataSource: String encoding fixed.
2024-05-30 19:16:19,208 - data_formatters - INFO - IncomeDataSource: Logging univariate outliers...
2024-05-30 19:16:34,735 - data_formatters - INFO - IncomeDataSource: Done.
2024-05-30 19:16:34,735 - data_formatters - INFO - IncomeDataSource: Upserting data to MongoDB...
2024-05-30 19:16:36,704 - data_formatters - INFO - IncomeDataSource: Upsert complete.
2024-05-30 19:16:36,705 - data_formatters - INFO - IdealistaDataSource: Lowercasing columns, flatterning dataframe...
2024-05-30 19:16:54,824 - data_formatters - INFO - IdealistaDataSource: Done.
2024-05-30 19:16:54,824 - data_formatters - INFO - IdealistaDataSource: Performing custom formatting...
2024-05-30 19:17:03,948 - data_formatters - INFO - IdealistaDataSource: Custom formatting complete.
2024-05-30 19:17:03,948 - data_formatters - INFO - IdealistaDataSource: Union dataframes...
2024-05-30 19:17:19,047 - data_formatters - INFO - IdealistaDataSource: Union complete.
2024-05-30 19:17:19,047 - data_formatters - INFO - IdealistaDataSource: De-duplicating data...
2024-05-30 19:17:21,894 - data_formatters - INFO - Size before de-duplication: 21073
2024-05-30 19:17:27,299 - data_formatters - INFO - Size after de-duplication: 21065
2024-05-30 19:17:27,300 - data_formatters - INFO - IdealistaDataSource: De-duplication complete.
2024-05-30 19:17:27,300 - data_formatters - INFO - IdealistaDataSource: Fixing string encoding...
2024-05-30 19:17:34,107 - data_formatters - INFO - IdealistaDataSource: String encoding fixed.
2024-05-30 19:17:34,107 - data_formatters - INFO - IdealistaDataSource: Logging univariate outliers...
2024-05-30 19:22:22,511 - data_formatters - INFO - IdealistaDataSource: Done.
2024-05-30 19:22:22,511 - data_formatters - INFO - IdealistaDataSource: Upserting data to MongoDB...
2024-05-30 19:24:03,977 - data_formatters - INFO - IdealistaDataSource: Upsert complete.
2024-05-30 19:24:03,977 - data_formatters - INFO - AirQualityDataSource: Lowercasing columns...
2024-05-30 19:24:18,001 - data_formatters - INFO - AirQualityDataSource: Columns lowercased.
2024-05-30 19:24:18,001 - data_formatters - INFO - AirQualityDataSource: Splitting dataframes into old and new dataframes...
2024-05-30 19:24:18,032 - data_formatters - INFO - AirQualityDataSource: Splitting complete. There are 10 old dataframes and 57 new dataframes.
2024-05-30 19:24:18,032 - data_formatters - INFO - AirQualityDataSource: Processing new data...
2024-05-30 19:24:18,032 - data_formatters - INFO - AirQualityDataSource: Performing custom formatting...
2024-05-30 19:24:18,477 - data_formatters - INFO - AirQualityDataSource: Custom formatting complete.
2024-05-30 19:24:18,477 - data_formatters - INFO - AirQualityDataSource: Union dataframes...
2024-05-30 19:24:24,685 - data_formatters - INFO - AirQualityDataSource: Union complete.
2024-05-30 19:24:24,685 - data_formatters - INFO - AirQualityDataSource: De-duplicating data...
2024-05-30 19:24:26,105 - data_formatters - INFO - Size before de-duplication: 95226
2024-05-30 19:24:29,277 - data_formatters - INFO - Size after de-duplication: 95226
2024-05-30 19:24:29,277 - data_formatters - INFO - AirQualityDataSource: De-duplication complete.
2024-05-30 19:24:29,277 - data_formatters - INFO - AirQualityDataSource: Fixing string encoding...
2024-05-30 19:24:38,723 - data_formatters - INFO - AirQualityDataSource: String encoding fixed.
2024-05-30 19:24:38,723 - data_formatters - INFO - AirQualityDataSource: Logging univariate outliers...
2024-05-30 19:33:18,791 - data_formatters - INFO - AirQualityDataSource: Done.
2024-05-30 19:33:18,791 - data_formatters - INFO - AirQualityDataSource: Upserting data to MongoDB...
2024-05-30 20:08:11,131 - data_formatters - INFO - AirQualityDataSource: Upsert complete.
2024-05-30 20:08:11,132 - data_formatters - INFO - AirQualityDataSource: Processing complete for new data.
